JUnit version 4.13.2
.E.E.E
Time: 15.093
There were 3 failures:
1) testfilter(TestListExamples)
java.lang.AssertionError: expected:<[apple, banana, cherry]> but was:<[cherry, banana, apple]>
	at org.junit.Assert.fail(Assert.java:89)
	at org.junit.Assert.failNotEquals(Assert.java:835)
	at org.junit.Assert.assertEquals(Assert.java:120)
	at org.junit.Assert.assertEquals(Assert.java:146)
	at TestListExamples.testfilter(TestListExamples.java:46)
2) testmerge(TestListExamples)
java.lang.OutOfMemoryError: Java heap space
	at java.base/java.util.Arrays.copyOf(Arrays.java:3512)
	at java.base/java.util.Arrays.copyOf(Arrays.java:3481)
	at java.base/java.util.ArrayList.grow(ArrayList.java:237)
	at java.base/java.util.ArrayList.grow(ArrayList.java:244)
	at java.base/java.util.ArrayList.add(ArrayList.java:454)
	at java.base/java.util.ArrayList.add(ArrayList.java:467)
	at ListExamples.merge(ListExamples.java:42)
	at TestListExamples.testmerge(TestListExamples.java:62)
3) testMergeRightEnd(TestListExamples)
org.junit.runners.model.TestTimedOutException: test timed out after 500 milliseconds
	at app//ListExamples.merge(ListExamples.java:43)
	at app//TestListExamples.testMergeRightEnd(TestListExamples.java:28)

FAILURES!!!
Tests run: 3,  Failures: 3

